[0115/082031.255:INFO:CONSOLE(0)] "Error with Permissions-Policy header: Feature xr-spatial-tracking's parameters are ignored.", source:  (0)
[0115/082031.255:INFO:CONSOLE(0)] "Error with Permissions-Policy header: Origin trial controlled feature not enabled: 'attribution-reporting'.", source:  (0)
[0115/082031.255:INFO:CONSOLE(0)] "Error with Permissions-Policy header: Origin trial controlled feature not enabled: 'browsing-topics'.", source:  (0)
[0115/082031.255:INFO:CONSOLE(0)] "Error with Permissions-Policy header: Unrecognized feature: 'compute-pressure'.", source:  (0)
[0115/082031.255:INFO:CONSOLE(0)] "Error with Permissions-Policy header: Origin trial controlled feature not enabled: 'interest-cohort'.", source:  (0)
[0115/082031.255:INFO:CONSOLE(0)] "Error with Permissions-Policy header: Unrecognized feature: 'private-state-token-issuance'.", source:  (0)
[0115/082031.263:INFO:CONSOLE(0)] "Error with Permissions-Policy header: Origin trial controlled feature not enabled: 'shared-storage'.", source:  (0)
[0115/082031.263:INFO:CONSOLE(0)] "Error with Permissions-Policy header: Origin trial controlled feature not enabled: 'shared-storage-select-url'.", source:  (0)
[0115/082031.266:INFO:CONSOLE(0)] "Error with Permissions-Policy header: Unrecognized feature: 'private-state-token-redemption'.", source:  (0)
[0115/082031.266:INFO:CONSOLE(0)] "Error with Permissions-Policy header: Origin trial controlled feature not enabled: 'unload'.", source:  (0)
[0115/082031.266:INFO:CONSOLE(0)] "Document-Policy HTTP header: Unrecognized document policy feature name include-js-call-stacks-in-crash-reports.", source: https://web.facebook.com/ (0)
[0115/082039.590:INFO:CONSOLE(0)] "The resource https://scontent.fabv2-2.fna.fbcdn.net/v/t15.5256-10/472291273_2033152780465132_7231826892558679233_n.jpg?stp=dst-jpg_s960x960_tt6&_nc_cat=1&ccb=1-7&_nc_sid=282d23&_nc_eui2=AeFTZkCnlPfnC1mdqI5TTc-mPROqthoCiRA9E6q2GgKJEA-owYabiOs1xTFHdzODGI6uzLvKXCGdt8f1E1bdEOy8&_nc_ohc=ufZhfIKimRUQ7kNvgFWu_jE&_nc_zt=23&_nc_ht=scontent.fabv2-2.fna&_nc_gid=A_uDT6LVs32Olv_HbDt-eAI&oh=00_AYARfc6rgvrPb3zQOFt73_p8lq39ukBygcpOgPqg-MLsdQ&oe=678D724B was preloaded using link preload but not used within a few seconds from the window's load event. Please make sure it has an appropriate `as` value and it is preloaded intentionally.", source: https://web.facebook.com/ (0)
[0115/082039.590:INFO:CONSOLE(0)] "The resource https://scontent.fabv2-2.fna.fbcdn.net/v/t15.5256-10/473055178_1572234923659802_5433390309029078201_n.jpg?stp=dst-jpg_s960x960_tt6&_nc_cat=1&ccb=1-7&_nc_sid=282d23&_nc_eui2=AeE3gvS_EaUbOC0PGT5L5wZr2vv6OM3rEyPa-_o4zesTI48vrlIo79Kxhb3bKVJXY2IYDZKtyUYMI2BLZNFCG3aL&_nc_ohc=H3AnQbO8YVkQ7kNvgGw5T-1&_nc_zt=23&_nc_ht=scontent.fabv2-2.fna&_nc_gid=A_uDT6LVs32Olv_HbDt-eAI&oh=00_AYCryj_GcvvXJjlYRC-cYV966XlAm_sE_XtKzuNhX4BIhQ&oe=678D6DDD was preloaded using link preload but not used within a few seconds from the window's load event. Please make sure it has an appropriate `as` value and it is preloaded intentionally.", source: https://web.facebook.com/ (0)
[0115/082039.590:INFO:CONSOLE(0)] "The resource https://scontent.fabv2-2.fna.fbcdn.net/v/t39.30808-6/472788766_1026480619520033_5154682411933595723_n.jpg?stp=cp6_dst-jpg_p526x296_tt6&_nc_cat=110&ccb=1-7&_nc_sid=833d8c&_nc_eui2=AeFMlxDNb_KpCwNjvkTQY9bIYZGyg65OTEVhkbKDrk5MReOijDVmyo_JUJiiuqJdY27k5ltvHaPWXmemoOAHg_Yj&_nc_ohc=Qivdr_NgS-EQ7kNvgGUKhhs&_nc_zt=23&_nc_ht=scontent.fabv2-2.fna&_nc_gid=A_uDT6LVs32Olv_HbDt-eAI&oh=00_AYARaXGTh9CP8mju6I2pzRxK0jeWJexmO9kDhHJd1x1Kpg&oe=678D9D6D was preloaded using link preload but not used within a few seconds from the window's load event. Please make sure it has an appropriate `as` value and it is preloaded intentionally.", source: https://web.facebook.com/ (0)
[0115/082039.590:INFO:CONSOLE(0)] "The resource https://scontent.fabv2-2.fna.fbcdn.net/v/t15.5256-10/472528165_2666933986846499_151163416375704157_n.jpg?stp=dst-jpg_s960x960_tt6&_nc_cat=1&ccb=1-7&_nc_sid=282d23&_nc_eui2=AeGxmeuhpSm9eTcvPiQBjzOr2LvtSzcdw2LYu-1LNx3DYl4Wo0w3vSx7hd2Rsd9FTpmK23TA7T6M-5EGq9ztcy1D&_nc_ohc=xje49rqrmeQQ7kNvgH74t_y&_nc_zt=23&_nc_ht=scontent.fabv2-2.fna&_nc_gid=A_uDT6LVs32Olv_HbDt-eAI&oh=00_AYB2TRpbBo04g1-pNyRXP3xj_0FTnWGtJa_gkqxR2dbvkA&oe=678D750D was preloaded using link preload but not used within a few seconds from the window's load event. Please make sure it has an appropriate `as` value and it is preloaded intentionally.", source: https://web.facebook.com/ (0)
[0115/082039.598:INFO:CONSOLE(0)] "The resource https://scontent.fabv2-2.fna.fbcdn.net/v/t15.5256-10/472651051_623006610396876_7209339177483996826_n.jpg?stp=dst-jpg_s960x960_tt6&_nc_cat=1&ccb=1-7&_nc_sid=282d23&_nc_eui2=AeGTVODpfAyT59aO5mJfpCps17lyaNSe40nXuXJo1J7jSWW24poR3loSinGRZvKFypaNhTMTqqT8B_bRKbF2XfhO&_nc_ohc=wlGycxTcng8Q7kNvgFoqZas&_nc_zt=23&_nc_ht=scontent.fabv2-2.fna&_nc_gid=A_uDT6LVs32Olv_HbDt-eAI&oh=00_AYBUIUgjDrUFjQH7_lSmkhvoKSAd4J7eUE0ER0564yFG4A&oe=678D9061 was preloaded using link preload but not used within a few seconds from the window's load event. Please make sure it has an appropriate `as` value and it is preloaded intentionally.", source: https://web.facebook.com/ (0)
[0115/082039.598:INFO:CONSOLE(0)] "The resource https://scontent.fabv2-2.fna.fbcdn.net/v/t51.71878-10/473115366_4179918838919570_5819721884916842873_n.jpg?stp=dst-jpg_s960x960_tt6&_nc_cat=1&ccb=1-7&_nc_sid=282d23&_nc_eui2=AeFGSPPvL9s9Eq-GOf64UssNv5F8d8NjgN-_kXx3w2OA38W99CumqApSDI5IkOz7A2cVrvULvYxJAWpmgnXUTEG4&_nc_ohc=2-Brew-JgDMQ7kNvgGEDjYE&_nc_zt=23&_nc_ht=scontent.fabv2-2.fna&_nc_gid=A_uDT6LVs32Olv_HbDt-eAI&oh=00_AYDw1vB28G8YhwTs1--7FegJvS9UgwmIR_cvsPnHwIzdhQ&oe=678D6F91 was preloaded using link preload but not used within a few seconds from the window's load event. Please make sure it has an appropriate `as` value and it is preloaded intentionally.", source: https://web.facebook.com/ (0)
[0115/082039.598:INFO:CONSOLE(0)] "The resource https://scontent.fabv2-2.fna.fbcdn.net/v/t15.5256-10/473552611_509893648207193_4346149924607301244_n.jpg?stp=dst-jpg_s960x960_tt6&_nc_cat=1&ccb=1-7&_nc_sid=282d23&_nc_eui2=AeGH7IzzRkrDMy-3xzNM_Q9NSi2Q9_335h5KLZD3_ffmHtQ3TM1vbho3B0iVarE-rkqpV4sqVyb0HyjKEsZEtULW&_nc_ohc=HvYtGVdV2gIQ7kNvgHjrw5J&_nc_zt=23&_nc_ht=scontent.fabv2-2.fna&_nc_gid=A_uDT6LVs32Olv_HbDt-eAI&oh=00_AYDFca1_5EBsGXLfCIwpJ05IfmIOg5dOjaHbt4vluhXeRw&oe=678D888F was preloaded using link preload but not used within a few seconds from the window's load event. Please make sure it has an appropriate `as` value and it is preloaded intentionally.", source: https://web.facebook.com/ (0)
[0115/082039.598:INFO:CONSOLE(0)] "The resource https://scontent.fabv2-2.fna.fbcdn.net/v/t39.30808-1/347285543_6472052099540146_9123344668973093819_n.jpg?stp=cp0_dst-jpg_s40x40_tt6&_nc_cat=1&ccb=1-7&_nc_sid=2d3e12&_nc_eui2=AeFt3oOwcdlxDMJPyzKhmCAwGOO22dWPrAIY47bZ1Y-sAnznNKOR2oJri3kckD8Gmz0PNHIf2SGv_9eg5EpEptXA&_nc_ohc=3SsZB1x7a0sQ7kNvgFT4IR5&_nc_zt=24&_nc_ht=scontent.fabv2-2.fna&_nc_gid=A_uDT6LVs32Olv_HbDt-eAI&oh=00_AYAK-E7qvK6aOwKFTzYKcM28XtfUWm1Nr7gBpHyhQHNTLQ&oe=678D96DF was preloaded using link preload but not used within a few seconds from the window's load event. Please make sure it has an appropriate `as` value and it is preloaded intentionally.", source: https://web.facebook.com/ (0)
[0115/082039.598:INFO:CONSOLE(0)] "The resource https://scontent.fabv2-2.fna.fbcdn.net/v/t1.30497-1/453178253_471506465671661_2781666950760530985_n.png?stp=dst-png_s160x160&_nc_cat=1&ccb=1-7&_nc_sid=136b72&_nc_eui2=AeE0ROBGI1xJ_uvEq5Z9NWmsWt9TLzuBU1Ba31MvO4FTUHVPhiwHwmuOEl1CcHgq3lqq2gE0WiTD87NPvjjcui-N&_nc_ohc=_xb90If6N7QQ7kNvgHuuPK0&_nc_zt=24&_nc_ht=scontent.fabv2-2.fna&_nc_gid=AWDZ95doRH5VyWS7wrTQNEq&oh=00_AYBWTyW5G5daau_1wX4Y8kiligBqIspJsVbaUcaDg49Wwg&oe=67AF3CFA was preloaded using link preload but not used within a few seconds from the window's load event. Please make sure it has an appropriate `as` value and it is preloaded intentionally.", source: https://web.facebook.com/ (0)
[0115/082039.670:INFO:CONSOLE(0)] "Error with Permissions-Policy header: Feature xr-spatial-tracking's parameters are ignored.", source:  (0)
[0115/082039.670:INFO:CONSOLE(0)] "Error with Permissions-Policy header: Origin trial controlled feature not enabled: 'attribution-reporting'.", source:  (0)
[0115/082039.678:INFO:CONSOLE(0)] "Error with Permissions-Policy header: Origin trial controlled feature not enabled: 'browsing-topics'.", source:  (0)
[0115/082039.678:INFO:CONSOLE(0)] "Error with Permissions-Policy header: Unrecognized feature: 'compute-pressure'.", source:  (0)
[0115/082039.678:INFO:CONSOLE(0)] "Error with Permissions-Policy header: Origin trial controlled feature not enabled: 'interest-cohort'.", source:  (0)
[0115/082039.678:INFO:CONSOLE(0)] "Error with Permissions-Policy header: Unrecognized feature: 'private-state-token-issuance'.", source:  (0)
[0115/082039.678:INFO:CONSOLE(0)] "Error with Permissions-Policy header: Origin trial controlled feature not enabled: 'shared-storage'.", source:  (0)
[0115/082039.678:INFO:CONSOLE(0)] "Error with Permissions-Policy header: Origin trial controlled feature not enabled: 'shared-storage-select-url'.", source:  (0)
[0115/082039.678:INFO:CONSOLE(0)] "Error with Permissions-Policy header: Unrecognized feature: 'private-state-token-redemption'.", source:  (0)
[0115/082039.678:INFO:CONSOLE(0)] "Error with Permissions-Policy header: Origin trial controlled feature not enabled: 'unload'.", source:  (0)
[0115/082040.810:INFO:CONSOLE(0)] "Error with Permissions-Policy header: Feature xr-spatial-tracking's parameters are ignored.", source:  (0)
[0115/082040.810:INFO:CONSOLE(0)] "Error with Permissions-Policy header: Origin trial controlled feature not enabled: 'attribution-reporting'.", source:  (0)
[0115/082040.810:INFO:CONSOLE(0)] "Error with Permissions-Policy header: Origin trial controlled feature not enabled: 'browsing-topics'.", source:  (0)
[0115/082040.810:INFO:CONSOLE(0)] "Error with Permissions-Policy header: Unrecognized feature: 'compute-pressure'.", source:  (0)
[0115/082040.810:INFO:CONSOLE(0)] "Error with Permissions-Policy header: Origin trial controlled feature not enabled: 'interest-cohort'.", source:  (0)
[0115/082040.810:INFO:CONSOLE(0)] "Error with Permissions-Policy header: Unrecognized feature: 'private-state-token-issuance'.", source:  (0)
[0115/082040.810:INFO:CONSOLE(0)] "Error with Permissions-Policy header: Origin trial controlled feature not enabled: 'shared-storage'.", source:  (0)
[0115/082040.810:INFO:CONSOLE(0)] "Error with Permissions-Policy header: Origin trial controlled feature not enabled: 'shared-storage-select-url'.", source:  (0)
[0115/082040.818:INFO:CONSOLE(0)] "Error with Permissions-Policy header: Unrecognized feature: 'private-state-token-redemption'.", source:  (0)
[0115/082040.818:INFO:CONSOLE(0)] "Error with Permissions-Policy header: Origin trial controlled feature not enabled: 'unload'.", source:  (0)
[0115/082040.818:INFO:CONSOLE(0)] "Document-Policy HTTP header: Unrecognized document policy feature name include-js-call-stacks-in-crash-reports.", source: https://web.facebook.com/?_rdc=1&_rdr (0)
[0115/082044.925:INFO:CONSOLE(0)] "Error with Permissions-Policy header: Feature xr-spatial-tracking's parameters are ignored.", source:  (0)
[0115/082044.925:INFO:CONSOLE(0)] "Error with Permissions-Policy header: Origin trial controlled feature not enabled: 'attribution-reporting'.", source:  (0)
[0115/082044.925:INFO:CONSOLE(0)] "Error with Permissions-Policy header: Origin trial controlled feature not enabled: 'browsing-topics'.", source:  (0)
[0115/082044.925:INFO:CONSOLE(0)] "Error with Permissions-Policy header: Unrecognized feature: 'compute-pressure'.", source:  (0)
[0115/082044.925:INFO:CONSOLE(0)] "Error with Permissions-Policy header: Origin trial controlled feature not enabled: 'interest-cohort'.", source:  (0)
[0115/082044.925:INFO:CONSOLE(0)] "Error with Permissions-Policy header: Unrecognized feature: 'private-state-token-issuance'.", source:  (0)
[0115/082044.925:INFO:CONSOLE(0)] "Error with Permissions-Policy header: Origin trial controlled feature not enabled: 'shared-storage'.", source:  (0)
[0115/082044.925:INFO:CONSOLE(0)] "Error with Permissions-Policy header: Origin trial controlled feature not enabled: 'shared-storage-select-url'.", source:  (0)
[0115/082044.925:INFO:CONSOLE(0)] "Error with Permissions-Policy header: Unrecognized feature: 'private-state-token-redemption'.", source:  (0)
[0115/082044.925:INFO:CONSOLE(0)] "Error with Permissions-Policy header: Origin trial controlled feature not enabled: 'unload'.", source:  (0)
[0115/082044.925:INFO:CONSOLE(0)] "Document-Policy HTTP header: Unrecognized document policy feature name include-js-call-stacks-in-crash-reports.", source: https://web.facebook.com/groups/238990561518405 (0)
[0115/082050.860:INFO:CONSOLE(0)] "Error with Permissions-Policy header: Feature xr-spatial-tracking's parameters are ignored.", source:  (0)
[0115/082050.860:INFO:CONSOLE(0)] "Error with Permissions-Policy header: Origin trial controlled feature not enabled: 'attribution-reporting'.", source:  (0)
[0115/082050.860:INFO:CONSOLE(0)] "Error with Permissions-Policy header: Unrecognized feature: 'compute-pressure'.", source:  (0)
[0115/082050.860:INFO:CONSOLE(0)] "Error with Permissions-Policy header: Origin trial controlled feature not enabled: 'interest-cohort'.", source:  (0)
[0115/082050.860:INFO:CONSOLE(0)] "Error with Permissions-Policy header: Unrecognized feature: 'private-state-token-issuance'.", source:  (0)
[0115/082050.860:INFO:CONSOLE(0)] "Error with Permissions-Policy header: Origin trial controlled feature not enabled: 'shared-storage'.", source:  (0)
[0115/082050.860:INFO:CONSOLE(0)] "Error with Permissions-Policy header: Origin trial controlled feature not enabled: 'shared-storage-select-url'.", source:  (0)
[0115/082050.860:INFO:CONSOLE(0)] "Error with Permissions-Policy header: Unrecognized feature: 'private-state-token-redemption'.", source:  (0)
[0115/082050.860:INFO:CONSOLE(0)] "Error with Permissions-Policy header: Origin trial controlled feature not enabled: 'unload'.", source:  (0)
[0115/082052.158:INFO:CONSOLE(1468)] "Canvas2D: Multiple readback operations using getImageData are faster with the willReadFrequently attribute set to true. See: https://html.spec.whatwg.org/multipage/canvas.html#concept-canvas-will-read-frequently", source: https://static.xx.fbcdn.net/rsrc.php/v4i7SM4/yv/l/rt/HcwyD2hE2bMeIooA6df33RzABg4QLKShafr6OpCCnr7ASzu2CoqyJFr40sXY_xVyNHsFXB92Xz7GIon95o0Y2bg5ZWObzuMHdS18H1LMm3q8pp2rXsAz53Qi8ROQwQVKGKSIzc2FHVUGItHzi2UzwRVfOcDuk59p2W-BiPzrf2s6mZ5JrnHxEe5rHCSfvdT_H3gMMGx3xeJUXKCsgQsXorXLG_ZKxqwTPLhuh8tOoHqCwvf_OIDtx-C3_gxLiQU_UsT6L8CjbqxwhUx8uN9_O77n52j_pzWAF6k78xDjRqtO5hgRLWrkHvqZ7QmQcYp.js?_nc_eui2=AeEZdG8x3TDd5IRi3gTslPlG106_6Gom3PzXTr_oaibc_HdCHJds3qK7OgqdRbidhzbK0TegNF-l1sYcza5znS0e (1468)
[0115/082053.051:INFO:CONSOLE(71)] "ErrorUtils caught an error:

PROGRESSIVE_JAVASCRIPT_NATIVE/MEDIA_ERR_SRC_NOT_SUPPORTED/URL_RESPONSE_HTTP_200: MEDIA_ERR_SRC_NOT_SUPPORTED/URL_RESPONSE_HTTP_200 Unknown media error. Fetched video content with Status:200 Content-Type:video/mp4 [Caught in: VideoPlayerErrorBoundary caught an PROGRESSIVE_JAVASCRIPT_NATIVE/MEDIA_ERR_SRC_NOT_SUPPORTED/URL_RESPONSE_HTTP_200 (VideoPlayerRelayBoundary)]

Subsequent non-fatal errors won't be logged; see https://fburl.com/debugjs.", source: https://static.xx.fbcdn.net/rsrc.php/v4/y-/r/wYG80FM5vGF.js?_nc_eui2=AeFLzactsL0cRCP0U67fwsh_7Rvu5MTFZdXtG-7kxMVl1RxJ1mpQ7hH3uQAgHFPjEi7HOU8ycjqxTLSJZK1g0wpY (71)
[0115/082055.446:INFO:CONSOLE(0)] "Error with Permissions-Policy header: Feature xr-spatial-tracking's parameters are ignored.", source:  (0)
[0115/082055.446:INFO:CONSOLE(0)] "Error with Permissions-Policy header: Origin trial controlled feature not enabled: 'attribution-reporting'.", source:  (0)
[0115/082055.446:INFO:CONSOLE(0)] "Error with Permissions-Policy header: Origin trial controlled feature not enabled: 'browsing-topics'.", source:  (0)
[0115/082055.446:INFO:CONSOLE(0)] "Error with Permissions-Policy header: Unrecognized feature: 'compute-pressure'.", source:  (0)
[0115/082055.446:INFO:CONSOLE(0)] "Error with Permissions-Policy header: Origin trial controlled feature not enabled: 'interest-cohort'.", source:  (0)
[0115/082055.446:INFO:CONSOLE(0)] "Error with Permissions-Policy header: Unrecognized feature: 'private-state-token-issuance'.", source:  (0)
[0115/082055.446:INFO:CONSOLE(0)] "Error with Permissions-Policy header: Origin trial controlled feature not enabled: 'shared-storage'.", source:  (0)
[0115/082055.446:INFO:CONSOLE(0)] "Error with Permissions-Policy header: Origin trial controlled feature not enabled: 'shared-storage-select-url'.", source:  (0)
[0115/082055.446:INFO:CONSOLE(0)] "Error with Permissions-Policy header: Unrecognized feature: 'private-state-token-redemption'.", source:  (0)
[0115/082055.454:INFO:CONSOLE(0)] "Error with Permissions-Policy header: Origin trial controlled feature not enabled: 'unload'.", source:  (0)
[0115/082058.887:INFO:CONSOLE(238)] "
%cStop! font-family:helvetica; font-size:20px; font-size:50px; font-weight:bold; color:red; -webkit-text-stroke:1px black;", source: https://static.xx.fbcdn.net/rsrc.php/v4/y-/r/wYG80FM5vGF.js?_nc_eui2=AeFLzactsL0cRCP0U67fwsh_7Rvu5MTFZdXtG-7kxMVl1RxJ1mpQ7hH3uQAgHFPjEi7HOU8ycjqxTLSJZK1g0wpY (238)
[0115/082058.887:INFO:CONSOLE(238)] "
%cThis is a browser feature intended for developers. If someone told you to copy and paste something here to enable a Facebook feature or "hack" someone's account, it is a scam and will give them access to your Facebook account. font-family:helvetica; font-size:20px; ", source: https://static.xx.fbcdn.net/rsrc.php/v4/y-/r/wYG80FM5vGF.js?_nc_eui2=AeFLzactsL0cRCP0U67fwsh_7Rvu5MTFZdXtG-7kxMVl1RxJ1mpQ7hH3uQAgHFPjEi7HOU8ycjqxTLSJZK1g0wpY (238)
[0115/082058.887:INFO:CONSOLE(238)] "
%cSee https://www.facebook.com/selfxss for more information. font-family:helvetica; font-size:20px; ", source: https://static.xx.fbcdn.net/rsrc.php/v4/y-/r/wYG80FM5vGF.js?_nc_eui2=AeFLzactsL0cRCP0U67fwsh_7Rvu5MTFZdXtG-7kxMVl1RxJ1mpQ7hH3uQAgHFPjEi7HOU8ycjqxTLSJZK1g0wpY (238)
[0115/082058.895:INFO:CONSOLE(238)] "
%c ", source: https://static.xx.fbcdn.net/rsrc.php/v4/y-/r/wYG80FM5vGF.js?_nc_eui2=AeFLzactsL0cRCP0U67fwsh_7Rvu5MTFZdXtG-7kxMVl1RxJ1mpQ7hH3uQAgHFPjEi7HOU8ycjqxTLSJZK1g0wpY (238)
[0115/082104.790:INFO:CONSOLE(1468)] "Canvas2D: Multiple readback operations using getImageData are faster with the willReadFrequently attribute set to true. See: https://html.spec.whatwg.org/multipage/canvas.html#concept-canvas-will-read-frequently", source: https://static.xx.fbcdn.net/rsrc.php/v4i7SM4/yv/l/rt/HcwyD2hE2bMeIooA6df33RzABg4QLKShafr6OpCCnr7ASzu2CoqyJFr40sXY_xVyNHsFXB92Xz7GIon95o0Y2bg5ZWObzuMHdS18H1LMm3q8pp2rXsAz53Qi8ROQwQVKGKSIzc2FHVUGItHzi2UzwRVfOcDuk59p2W-BiPzrf2s6mZ5JrnHxEe5rHCSfvdT_H3gMMGx3xeJUXKCsgQsXorXLG_ZKxqwTPLhuh8tOoHqCwvf_OIDtx-C3_gxLiQU_UsT6L8CjbqxwhUx8uN9_O77n52j_pzWAF6k78xDjRqtO5hgRLWrkHvqZ7QmQcYp.js?_nc_eui2=AeEZdG8x3TDd5IRi3gTslPlG106_6Gom3PzXTr_oaibc_HdCHJds3qK7OgqdRbidhzbK0TegNF-l1sYcza5znS0e (1468)
[0115/082106.310:INFO:CONSOLE(1468)] "Canvas2D: Multiple readback operations using getImageData are faster with the willReadFrequently attribute set to true. See: https://html.spec.whatwg.org/multipage/canvas.html#concept-canvas-will-read-frequently", source: https://static.xx.fbcdn.net/rsrc.php/v4i7SM4/yv/l/rt/HcwyD2hE2bMeIooA6df33RzABg4QLKShafr6OpCCnr7ASzu2CoqyJFr40sXY_xVyNHsFXB92Xz7GIon95o0Y2bg5ZWObzuMHdS18H1LMm3q8pp2rXsAz53Qi8ROQwQVKGKSIzc2FHVUGItHzi2UzwRVfOcDuk59p2W-BiPzrf2s6mZ5JrnHxEe5rHCSfvdT_H3gMMGx3xeJUXKCsgQsXorXLG_ZKxqwTPLhuh8tOoHqCwvf_OIDtx-C3_gxLiQU_UsT6L8CjbqxwhUx8uN9_O77n52j_pzWAF6k78xDjRqtO5hgRLWrkHvqZ7QmQcYp.js?_nc_eui2=AeEZdG8x3TDd5IRi3gTslPlG106_6Gom3PzXTr_oaibc_HdCHJds3qK7OgqdRbidhzbK0TegNF-l1sYcza5znS0e (1468)
